{"/Users/tysoncadenhead/Sites/playground/sideEffect/src/index.ts": {"path":"/Users/tysoncadenhead/Sites/playground/sideEffect/src/index.ts","statementMap":{"0":{"start":{"line":1,"column":14},"end":{"line":1,"column":16}},"1":{"start":{"line":3,"column":13},"end":{"line":4,"column":22}},"2":{"start":{"line":4,"column":4},"end":{"line":4,"column":21}},"3":{"start":{"line":6,"column":13},"end":{"line":8,"column":2}},"4":{"start":{"line":7,"column":4},"end":{"line":7,"column":21}},"5":{"start":{"line":10,"column":13},"end":{"line":12,"column":2}},"6":{"start":{"line":11,"column":4},"end":{"line":11,"column":23}},"7":{"start":{"line":14,"column":13},"end":{"line":16,"column":2}},"8":{"start":{"line":15,"column":4},"end":{"line":15,"column":38}}},"fnMap":{"0":{"name":"(anonymous_0)","decl":{"start":{"line":3,"column":22},"end":{"line":3,"column":23}},"loc":{"start":{"line":4,"column":4},"end":{"line":4,"column":21}}},"1":{"name":"(anonymous_1)","decl":{"start":{"line":6,"column":20},"end":{"line":6,"column":21}},"loc":{"start":{"line":6,"column":46},"end":{"line":8,"column":1}}},"2":{"name":"(anonymous_2)","decl":{"start":{"line":10,"column":21},"end":{"line":10,"column":22}},"loc":{"start":{"line":10,"column":38},"end":{"line":12,"column":1}}},"3":{"name":"(anonymous_3)","decl":{"start":{"line":14,"column":24},"end":{"line":14,"column":26}},"loc":{"start":{"line":14,"column":29},"end":{"line":16,"column":1}}}},"branchMap":{"0":{"loc":{"start":{"line":4,"column":4},"end":{"line":4,"column":15}},"type":"binary-expr","locations":[{"start":{"line":4,"column":4},"end":{"line":4,"column":15}},{"start":{"line":4,"column":19},"end":{"line":4,"column":21}}]}},"s":{"0":1,"1":1,"2":5,"3":1,"4":2,"5":1,"6":2,"7":1,"8":1},"f":{"0":5,"1":2,"2":2,"3":1},"b":{"0":[5,3]}}
}
